<?xml version="1.0" encoding="UTF-8"?>
<!-- Generated by org.testng.reporters.JUnitReportReporter -->
<testsuite hostname="DESKTOP-42AG044" failures="0" tests="12" name="com.qa.saucedemo.practical.runners.TestRunner" time="172.158" errors="0" timestamp="2023-09-12T22:17:40 IST" skipped="0">
  <testcase classname="com.qa.saucedemo.practical.runners.TestRunner" name="runScenario" time="16.685"/>
  <testcase classname="com.qa.saucedemo.practical.runners.TestRunner" name="runScenario" time="14.717"/>
  <testcase classname="com.qa.saucedemo.practical.runners.TestRunner" name="runScenario" time="14.708"/>
  <testcase classname="com.qa.saucedemo.practical.runners.TestRunner" name="runScenario" time="14.236"/>
  <testcase classname="com.qa.saucedemo.practical.runners.TestRunner" name="runScenario" time="20.970"/>
  <testcase classname="com.qa.saucedemo.practical.runners.TestRunner" name="runScenario" time="14.097"/>
  <testcase classname="com.qa.saucedemo.practical.runners.TestRunner" name="runScenario" time="12.572"/>
  <testcase classname="com.qa.saucedemo.practical.runners.TestRunner" name="runScenario" time="9.192"/>
  <testcase classname="com.qa.saucedemo.practical.runners.TestRunner" name="runScenario" time="13.546"/>
  <testcase classname="com.qa.saucedemo.practical.runners.TestRunner" name="runScenario" time="8.004"/>
  <testcase classname="com.qa.saucedemo.practical.runners.TestRunner" name="runScenario" time="16.286"/>
  <testcase classname="com.qa.saucedemo.practical.runners.TestRunner" name="runScenario" time="17.145"/>
</testsuite> <!-- com.qa.saucedemo.practical.runners.TestRunner -->
