<?xml version="1.0" encoding="UTF-8"?>
<!-- Generated by org.testng.reporters.JUnitReportReporter -->
<testsuite hostname="DESKTOP-42AG044" failures="0" tests="12" name="com.qa.atliq.practical.runners.TestRunner" time="155.327" errors="0" timestamp="2023-07-28T10:27:12 IST" skipped="0">
  <testcase classname="com.qa.atliq.practical.runners.TestRunner" name="runScenario" time="13.607"/>
  <testcase classname="com.qa.atliq.practical.runners.TestRunner" name="runScenario" time="11.788"/>
  <testcase classname="com.qa.atliq.practical.runners.TestRunner" name="runScenario" time="12.043"/>
  <testcase classname="com.qa.atliq.practical.runners.TestRunner" name="runScenario" time="14.628"/>
  <testcase classname="com.qa.atliq.practical.runners.TestRunner" name="runScenario" time="15.142"/>
  <testcase classname="com.qa.atliq.practical.runners.TestRunner" name="runScenario" time="12.416"/>
  <testcase classname="com.qa.atliq.practical.runners.TestRunner" name="runScenario" time="12.719"/>
  <testcase classname="com.qa.atliq.practical.runners.TestRunner" name="runScenario" time="14.899"/>
  <testcase classname="com.qa.atliq.practical.runners.TestRunner" name="runScenario" time="13.924"/>
  <testcase classname="com.qa.atliq.practical.runners.TestRunner" name="runScenario" time="14.772"/>
  <testcase classname="com.qa.atliq.practical.runners.TestRunner" name="runScenario" time="11.529"/>
  <testcase classname="com.qa.atliq.practical.runners.TestRunner" name="runScenario" time="7.860"/>
</testsuite> <!-- com.qa.atliq.practical.runners.TestRunner -->
